<?xml version="1.0" encoding="UTF-8"?>
<testng-results skipped="0" failed="1" total="3" passed="2">
  <reporter-output>
  </reporter-output>
  <suite name="Default suite" duration-ms="91416" started-at="2019-01-08T08:56:08Z" finished-at="2019-01-08T08:57:40Z">
    <groups>
    </groups>
    <test name="Default test" duration-ms="91416" started-at="2019-01-08T08:56:08Z" finished-at="2019-01-08T08:57:40Z">
      <class name="test.zhouce">
        <test-method status="PASS" signature="beforeTest()[pri:0, instance:test.zhouce@1c53fd30]" name="beforeTest" is-config="true" duration-ms="7" started-at="2019-01-08T16:56:08Z" finished-at="2019-01-08T16:56:08Z">
          <reporter-output>
          </reporter-output>
        </test-method> <!-- beforeTest -->
        <test-method status="PASS" signature="main(java.lang.String, java.lang.String)[pri:0, instance:test.zhouce@1c53fd30]" name="main" duration-ms="31111" started-at="2019-01-08T16:56:08Z" data-provider="username" finished-at="2019-01-08T16:56:39Z">
          <params>
            <param index="0">
              <value>
                <![CDATA[1585490872]]>
              </value>
            </param>
            <param index="1">
              <value>
                <![CDATA[123]]>
              </value>
            </param>
          </params>
          <reporter-output>
          </reporter-output>
        </test-method> <!-- main -->
        <test-method status="PASS" signature="main(java.lang.String, java.lang.String)[pri:0, instance:test.zhouce@1c53fd30]" name="main" duration-ms="30322" started-at="2019-01-08T16:56:39Z" data-provider="username" finished-at="2019-01-08T16:57:10Z">
          <params>
            <param index="0">
              <value>
                <![CDATA[1585490877]]>
              </value>
            </param>
            <param index="1">
              <value>
                <![CDATA[  ]]>
              </value>
            </param>
          </params>
          <reporter-output>
          </reporter-output>
        </test-method> <!-- main -->
        <test-method status="FAIL" signature="main(java.lang.String, java.lang.String)[pri:0, instance:test.zhouce@1c53fd30]" name="main" duration-ms="29956" started-at="2019-01-08T16:57:10Z" data-provider="username" finished-at="2019-01-08T16:57:40Z">
          <params>
            <param index="0">
              <value>
                <![CDATA[18982813906]]>
              </value>
            </param>
            <param index="1">
              <value>
                <![CDATA[hs19950810]]>
              </value>
            </param>
          </params>
          <exception class="java.lang.NullPointerException">
            <full-stacktrace>
              <![CDATA[java.lang.NullPointerException
	at org.openqa.selenium.remote.RemoteWebElement.isDisplayed(RemoteWebElement.java:371)
	at test.zhouce.main(zhouce.java:57)
	at sun.reflect.NativeMethodAccessorImpl.invoke0(Native Method)
	at sun.reflect.NativeMethodAccessorImpl.invoke(Unknown Source)
	at sun.reflect.DelegatingMethodAccessorImpl.invoke(Unknown Source)
	at java.lang.reflect.Method.invoke(Unknown Source)
	at org.testng.internal.MethodInvocationHelper.invokeMethod(MethodInvocationHelper.java:85)
	at org.testng.internal.Invoker.invokeMethod(Invoker.java:639)
	at org.testng.internal.Invoker.invokeTestMethod(Invoker.java:816)
	at org.testng.internal.Invoker.invokeTestMethods(Invoker.java:1124)
	at org.testng.internal.TestMethodWorker.invokeTestMethods(TestMethodWorker.java:125)
	at org.testng.internal.TestMethodWorker.run(TestMethodWorker.java:108)
	at org.testng.TestRunner.privateRun(TestRunner.java:774)
	at org.testng.TestRunner.run(TestRunner.java:624)
	at org.testng.SuiteRunner.runTest(SuiteRunner.java:359)
	at org.testng.SuiteRunner.runSequentially(SuiteRunner.java:354)
	at org.testng.SuiteRunner.privateRun(SuiteRunner.java:312)
	at org.testng.SuiteRunner.run(SuiteRunner.java:261)
	at org.testng.SuiteRunnerWorker.runSuite(SuiteRunnerWorker.java:52)
	at org.testng.SuiteRunnerWorker.run(SuiteRunnerWorker.java:86)
	at org.testng.TestNG.runSuitesSequentially(TestNG.java:1215)
	at org.testng.TestNG.runSuitesLocally(TestNG.java:1140)
	at org.testng.TestNG.run(TestNG.java:1048)
	at org.testng.remote.RemoteTestNG.run(RemoteTestNG.java:112)
	at org.testng.remote.RemoteTestNG.initAndRun(RemoteTestNG.java:205)
	at org.testng.remote.RemoteTestNG.main(RemoteTestNG.java:176)
]]>
            </full-stacktrace>
          </exception> <!-- java.lang.NullPointerException -->
          <reporter-output>
          </reporter-output>
        </test-method> <!-- main -->
        <test-method status="PASS" signature="afterTest()[pri:0, instance:test.zhouce@1c53fd30]" name="afterTest" is-config="true" duration-ms="1" started-at="2019-01-08T16:57:40Z" finished-at="2019-01-08T16:57:40Z">
          <reporter-output>
          </reporter-output>
        </test-method> <!-- afterTest -->
      </class> <!-- test.zhouce -->
    </test> <!-- Default test -->
  </suite> <!-- Default suite -->
</testng-results>
